c:\users\hajjzo18\desktop\exercicehashgenerique\sha3\debug\vc140.pdb
c:\users\hajjzo18\desktop\exercicehashgenerique\sha3\debug\vc140.idb
c:\users\hajjzo18\desktop\exercicehashgenerique\sha3\debug\sha3.obj
c:\users\hajjzo18\desktop\exercicehashgenerique\debug\hash.ilk
c:\users\hajjzo18\desktop\exercicehashgenerique\debug\hash.dll
c:\users\hajjzo18\desktop\exercicehashgenerique\debug\hash.pdb
c:\users\hajjzo18\desktop\exercicehashgenerique\sha3\debug\sha3.res
c:\users\hajjzo18\desktop\exercicehashgenerique\debug\hash.lib
c:\users\hajjzo18\desktop\exercicehashgenerique\debug\hash.exp
c:\users\hajjzo18\desktop\jihane_code\sha3\debug\sha3.obj
c:\users\hajjzo18\desktop\jihane_code\sha3\debug\sha3.res
c:\users\hajjzo18\desktop\jihane_code\sha3\debug\vc140.idb
c:\users\hajjzo18\desktop\jihane_code\sha3\debug\vc140.pdb
c:\users\hajjzo18\desktop\jihane_code\debug\hash.pdb
c:\users\hajjzo18\desktop\jihane_code\debug\hash.dll
c:\users\hajjzo18\desktop\jihane_code\debug\hash.ilk
c:\users\hajjzo18\desktop\jihane_code\sha3\debug\sha3.tlog\cl.command.1.tlog
c:\users\hajjzo18\desktop\jihane_code\sha3\debug\sha3.tlog\cl.read.1.tlog
c:\users\hajjzo18\desktop\jihane_code\sha3\debug\sha3.tlog\cl.write.1.tlog
c:\users\hajjzo18\desktop\jihane_code\sha3\debug\sha3.tlog\link.command.1.tlog
c:\users\hajjzo18\desktop\jihane_code\sha3\debug\sha3.tlog\link.read.1.tlog
c:\users\hajjzo18\desktop\jihane_code\sha3\debug\sha3.tlog\link.write.1.tlog
c:\users\hajjzo18\desktop\jihane_code\sha3\debug\sha3.tlog\rc.command.1.tlog
c:\users\hajjzo18\desktop\jihane_code\sha3\debug\sha3.tlog\rc.read.1.tlog
c:\users\hajjzo18\desktop\jihane_code\sha3\debug\sha3.tlog\rc.write.1.tlog
c:\users\hajjzo18\desktop\jihane_code\sha3\debug\sha3.tlog\sha3.write.1u.tlog
